commonsapp/build/intermediates/manifest_merge_blame_file/release/manifest-merger-blame-release-report.txt
1<?xml version="1.0" encoding="utf-8"?>
2<manifest xmlns:android="http://schemas.android.com/apk/res/android"
3    package="promise.commonsapp"
4    android:versionCode="1"
5    android:versionName="1.0" >
6
7    <uses-sdk
8        android:minSdkVersion="17"
8-->src/main/AndroidManifest.xml
9        android:targetSdkVersion="29" />
9-->src/main/AndroidManifest.xml
10
11    <application
11-->src/main/AndroidManifest.xml:6:5-22:19
12        android:name="promise.commonsapp.App"
12-->src/main/AndroidManifest.xml:7:9-28
13        android:allowBackup="true"
13-->src/main/AndroidManifest.xml:8:9-35
14        android:appComponentFactory="androidx.core.app.CoreComponentFactory"
14-->[androidx.core:core:1.1.0-rc01] AndroidManifest.xml:24:18-86
15        android:icon="@mipmap/ic_launcher"
15-->src/main/AndroidManifest.xml:9:9-43
16        android:label="@string/app_name"
16-->src/main/AndroidManifest.xml:10:9-41
17        android:roundIcon="@mipmap/ic_launcher_round"
17-->src/main/AndroidManifest.xml:11:9-54
18        android:supportsRtl="true"
18-->src/main/AndroidManifest.xml:12:9-35
19        android:theme="@style/AppTheme" >
19-->src/main/AndroidManifest.xml:13:9-40
20        <activity android:name="promise.commonsapp.MainActivity" >
20-->src/main/AndroidManifest.xml:15:9-21:20
20-->src/main/AndroidManifest.xml:15:19-47
21            <intent-filter>
21-->src/main/AndroidManifest.xml:16:13-20:29
22                <action android:name="android.intent.action.MAIN" />
22-->src/main/AndroidManifest.xml:17:17-69
22-->src/main/AndroidManifest.xml:17:25-66
23
24                <category android:name="android.intent.category.LAUNCHER" />
24-->src/main/AndroidManifest.xml:19:17-77
24-->src/main/AndroidManifest.xml:19:27-74
25            </intent-filter>
26        </activity>
27    </application>
28
29</manifest>